CRITICAL - 2022-12-11 06:05:01 --> Use of undefined constant MYSQLI_STORE_RESULT - assumed 'MYSQLI_STORE_RESULT' (this will throw an Error in a future version of PHP)
#0 /opt/lampp/htdocs/Futtosaru/system/Database/Database.php(136): CodeIgniter\Debug\Exceptions->errorHandler()
#1 /opt/lampp/htdocs/Futtosaru/system/Database/Database.php(56): CodeIgniter\Database\Database->initDriver()
#2 /opt/lampp/htdocs/Futtosaru/system/Database/Config.php(78): CodeIgniter\Database\Database->load()
#3 /opt/lampp/htdocs/Futtosaru/system/Common.php(312): CodeIgniter\Database\Config::connect()
#4 /opt/lampp/htdocs/Futtosaru/system/Database/MigrationRunner.php(149): db_connect()
#5 /opt/lampp/htdocs/Futtosaru/system/Config/Services.php(376): CodeIgniter\Database\MigrationRunner->__construct()
#6 /opt/lampp/htdocs/Futtosaru/system/Config/BaseService.php(248): CodeIgniter\Config\Services::migrations()
#7 /opt/lampp/htdocs/Futtosaru/system/Config/BaseService.php(189): CodeIgniter\Config\BaseService::__callStatic()
#8 /opt/lampp/htdocs/Futtosaru/system/Config/Services.php(371): CodeIgniter\Config\BaseService::getSharedInstance()
#9 /opt/lampp/htdocs/Futtosaru/system/Config/BaseService.php(248): CodeIgniter\Config\Services::migrations()
#10 /opt/lampp/htdocs/Futtosaru/system/Commands/Database/Migrate.php(69): CodeIgniter\Config\BaseService::__callStatic()
#11 /opt/lampp/htdocs/Futtosaru/system/CLI/Commands.php(63): CodeIgniter\Commands\Database\Migrate->run()
#12 /opt/lampp/htdocs/Futtosaru/system/CLI/CommandRunner.php(70): CodeIgniter\CLI\Commands->run()
#13 /opt/lampp/htdocs/Futtosaru/system/CLI/CommandRunner.php(56): CodeIgniter\CLI\CommandRunner->index()
#14 /opt/lampp/htdocs/Futtosaru/system/CodeIgniter.php(830): CodeIgniter\CLI\CommandRunner->_remap()
#15 /opt/lampp/htdocs/Futtosaru/system/CodeIgniter.php(419): CodeIgniter\CodeIgniter->runController()
#16 /opt/lampp/htdocs/Futtosaru/system/CodeIgniter.php(326): CodeIgniter\CodeIgniter->handleRequest()
#17 /opt/lampp/htdocs/Futtosaru/system/CLI/Console.php(48): CodeIgniter\CodeIgniter->run()
#18 /opt/lampp/htdocs/Futtosaru/spark(63): CodeIgniter\CLI\Console->run()
#19 {main}
CRITICAL - 2022-12-11 06:21:06 --> Use of undefined constant MYSQLI_STORE_RESULT - assumed 'MYSQLI_STORE_RESULT' (this will throw an Error in a future version of PHP)
#0 /opt/lampp/htdocs/Futtosaru/system/Database/Database.php(136): CodeIgniter\Debug\Exceptions->errorHandler()
#1 /opt/lampp/htdocs/Futtosaru/system/Database/Database.php(56): CodeIgniter\Database\Database->initDriver()
#2 /opt/lampp/htdocs/Futtosaru/system/Database/Config.php(78): CodeIgniter\Database\Database->load()
#3 /opt/lampp/htdocs/Futtosaru/system/Common.php(312): CodeIgniter\Database\Config::connect()
#4 /opt/lampp/htdocs/Futtosaru/system/Database/MigrationRunner.php(149): db_connect()
#5 /opt/lampp/htdocs/Futtosaru/system/Config/Services.php(376): CodeIgniter\Database\MigrationRunner->__construct()
#6 /opt/lampp/htdocs/Futtosaru/system/Config/BaseService.php(248): CodeIgniter\Config\Services::migrations()
#7 /opt/lampp/htdocs/Futtosaru/system/Config/BaseService.php(189): CodeIgniter\Config\BaseService::__callStatic()
#8 /opt/lampp/htdocs/Futtosaru/system/Config/Services.php(371): CodeIgniter\Config\BaseService::getSharedInstance()
#9 /opt/lampp/htdocs/Futtosaru/system/Config/BaseService.php(248): CodeIgniter\Config\Services::migrations()
#10 /opt/lampp/htdocs/Futtosaru/system/Commands/Database/Migrate.php(69): CodeIgniter\Config\BaseService::__callStatic()
#11 /opt/lampp/htdocs/Futtosaru/system/CLI/Commands.php(63): CodeIgniter\Commands\Database\Migrate->run()
#12 /opt/lampp/htdocs/Futtosaru/system/CLI/CommandRunner.php(70): CodeIgniter\CLI\Commands->run()
#13 /opt/lampp/htdocs/Futtosaru/system/CLI/CommandRunner.php(56): CodeIgniter\CLI\CommandRunner->index()
#14 /opt/lampp/htdocs/Futtosaru/system/CodeIgniter.php(830): CodeIgniter\CLI\CommandRunner->_remap()
#15 /opt/lampp/htdocs/Futtosaru/system/CodeIgniter.php(419): CodeIgniter\CodeIgniter->runController()
#16 /opt/lampp/htdocs/Futtosaru/system/CodeIgniter.php(326): CodeIgniter\CodeIgniter->handleRequest()
#17 /opt/lampp/htdocs/Futtosaru/system/CLI/Console.php(48): CodeIgniter\CodeIgniter->run()
#18 /opt/lampp/htdocs/Futtosaru/spark(63): CodeIgniter\CLI\Console->run()
#19 {main}
